✅ Telegram bot initialized successfully
🚀 Backend server running on http://localhost:8000
📊 API endpoints available at http://localhost:8000/api/
🏥 Health check at http://localhost:8000/health
🤖 Telegram bot is active and ready
Telegram bot polling error: ETELEGRAM: 409 Conflict: terminated by other getUpdates request; make sure that only one bot instance is running
Telegram bot polling error: ETELEGRAM: 409 Conflict: terminated by other getUpdates request; make sure that only one bot instance is running
Telegram bot polling error: ETELEGRAM: 409 Conflict: terminated by other getUpdates request; make sure that only one bot instance is running
Telegram bot polling error: ETELEGRAM: 409 Conflict: terminated by other getUpdates request; make sure that only one bot instance is running
Telegram bot polling error: ETELEGRAM: 409 Conflict: terminated by other getUpdates request; make sure that only one bot instance is running
Telegram bot polling error: ETELEGRAM: 409 Conflict: terminated by other getUpdates request; make sure that only one bot instance is running
Telegram bot polling error: ETELEGRAM: 409 Conflict: terminated by other getUpdates request; make sure that only one bot instance is running
Telegram bot polling error: ETELEGRAM: 409 Conflict: terminated by other getUpdates request; make sure that only one bot instance is running
Telegram bot polling error: ETELEGRAM: 409 Conflict: terminated by other getUpdates request; make sure that only one bot instance is running
Telegram bot polling error: ETELEGRAM: 409 Conflict: terminated by other getUpdates request; make sure that only one bot instance is running
Telegram bot polling error: ETELEGRAM: 409 Conflict: terminated by other getUpdates request; make sure that only one bot instance is running
Telegram bot polling error: ETELEGRAM: 409 Conflict: terminated by other getUpdates request; make sure that only one bot instance is running
Telegram bot polling error: ETELEGRAM: 409 Conflict: terminated by other getUpdates request; make sure that only one bot instance is running
Telegram bot polling error: ETELEGRAM: 409 Conflict: terminated by other getUpdates request; make sure that only one bot instance is running
Telegram bot polling error: ETELEGRAM: 409 Conflict: terminated by other getUpdates request; make sure that only one bot instance is running
Telegram bot polling error: ETELEGRAM: 409 Conflict: terminated by other getUpdates request; make sure that only one bot instance is running
Telegram bot polling error: ETELEGRAM: 409 Conflict: terminated by other getUpdates request; make sure that only one bot instance is running
Telegram bot polling error: ETELEGRAM: 409 Conflict: terminated by other getUpdates request; make sure that only one bot instance is running
Telegram bot polling error: ETELEGRAM: 409 Conflict: terminated by other getUpdates request; make sure that only one bot instance is running
Telegram bot polling error: ETELEGRAM: 409 Conflict: terminated by other getUpdates request; make sure that only one bot instance is running
Telegram bot polling error: ETELEGRAM: 409 Conflict: terminated by other getUpdates request; make sure that only one bot instance is running
Telegram bot polling error: ETELEGRAM: 409 Conflict: terminated by other getUpdates request; make sure that only one bot instance is running
Telegram bot polling error: ETELEGRAM: 409 Conflict: terminated by other getUpdates request; make sure that only one bot instance is running
Telegram bot polling error: ETELEGRAM: 409 Conflict: terminated by other getUpdates request; make sure that only one bot instance is running
Telegram bot polling error: ETELEGRAM: 409 Conflict: terminated by other getUpdates request; make sure that only one bot instance is running
Telegram bot polling error: ETELEGRAM: 409 Conflict: terminated by other getUpdates request; make sure that only one bot instance is running
Telegram bot polling error: ETELEGRAM: 409 Conflict: terminated by other getUpdates request; make sure that only one bot instance is running
Telegram bot polling error: ETELEGRAM: 409 Conflict: terminated by other getUpdates request; make sure that only one bot instance is running
Telegram bot polling error: ETELEGRAM: 409 Conflict: terminated by other getUpdates request; make sure that only one bot instance is running
Telegram bot polling error: ETELEGRAM: 409 Conflict: terminated by other getUpdates request; make sure that only one bot instance is running
Telegram bot polling error: ETELEGRAM: 409 Conflict: terminated by other getUpdates request; make sure that only one bot instance is running
Telegram bot polling error: ETELEGRAM: 409 Conflict: terminated by other getUpdates request; make sure that only one bot instance is running
Telegram bot polling error: ETELEGRAM: 409 Conflict: terminated by other getUpdates request; make sure that only one bot instance is running
Telegram bot polling error: EFATAL: Error: socket hang up
Telegram bot polling error: ETELEGRAM: 409 Conflict: terminated by other getUpdates request; make sure that only one bot instance is running
Telegram bot polling error: ETELEGRAM: 409 Conflict: terminated by other getUpdates request; make sure that only one bot instance is running
Telegram bot polling error: ETELEGRAM: 409 Conflict: terminated by other getUpdates request; make sure that only one bot instance is running
Telegram bot polling error: ETELEGRAM: 409 Conflict: terminated by other getUpdates request; make sure that only one bot instance is running
Telegram bot polling error: ETELEGRAM: 409 Conflict: terminated by other getUpdates request; make sure that only one bot instance is running
Telegram bot polling error: ETELEGRAM: 409 Conflict: terminated by other getUpdates request; make sure that only one bot instance is running
Telegram bot polling error: ETELEGRAM: 409 Conflict: terminated by other getUpdates request; make sure that only one bot instance is running
Telegram bot polling error: ETELEGRAM: 409 Conflict: terminated by other getUpdates request; make sure that only one bot instance is running
Telegram bot polling error: ETELEGRAM: 409 Conflict: terminated by other getUpdates request; make sure that only one bot instance is running
Telegram bot polling error: ETELEGRAM: 409 Conflict: terminated by other getUpdates request; make sure that only one bot instance is running
Telegram bot polling error: ETELEGRAM: 409 Conflict: terminated by other getUpdates request; make sure that only one bot instance is running
Telegram bot polling error: ETELEGRAM: 409 Conflict: terminated by other getUpdates request; make sure that only one bot instance is running
Telegram bot polling error: ETELEGRAM: 409 Conflict: terminated by other getUpdates request; make sure that only one bot instance is running
Telegram bot polling error: ETELEGRAM: 409 Conflict: terminated by other getUpdates request; make sure that only one bot instance is running
Telegram bot polling error: ETELEGRAM: 409 Conflict: terminated by other getUpdates request; make sure that only one bot instance is running
Telegram bot polling error: ETELEGRAM: 409 Conflict: terminated by other getUpdates request; make sure that only one bot instance is running
Telegram bot polling error: ETELEGRAM: 409 Conflict: terminated by other getUpdates request; make sure that only one bot instance is running
